Сборка начата 19.02.2020 18:50:52.
Уровень детализации журнала: Normal.     1>Проект "C:\Users\Vlad\LP\LPconclusion\LPconclusion.vcxproj" в узле 2 (целевые объекты Build).
     1>PrepareForBuild:
         Создание каталога "Release\LPconclusion.tlog\".
       InitializeBuildStatus:
         Создание "Release\LPconclusion.tlog\unsuccessfulbuild", так как было задано "AlwaysCreate".
       ClCompile:
         C:\Program Files (x86)\Microsoft Visual Studio\2019\Community\VC\Tools\MSVC\14.24.28314\bin\HostX86\x86\CL.exe /c /Zi /nologo /W3 /WX- /diagnostics:column /sdl /O2 /Oi /Oy- /GL /D WIN32 /D NDEBUG /D _CONSOLE /D _UNICODE /D UNICODE /Gm- /EHsc /MD /GS /Gy /fp:precise /permissive- /Zc:wchar_t /Zc:forScope /Zc:inline /Fo"Release\\" /Fd"Release\vc142.pdb" /Gd /TP /analyze- /FC /errorReport:prompt LPconclusion.cpp
         LPconclusion.cpp
       Link:
         C:\Program Files (x86)\Microsoft Visual Studio\2019\Community\VC\Tools\MSVC\14.24.28314\bin\HostX86\x86\link.exe /ERRORREPORT:PROMPT /OUT:"C:\Users\Vlad\LP\LPconclusion\Release\LPconclusion.exe" /INCREMENTAL:NO /NOLOGO kernel32.lib user32.lib gdi32.lib winspool.lib comdlg32.lib advapi32.lib shell32.lib ole32.lib oleaut32.lib uuid.lib odbc32.lib odbccp32.lib /MANIFEST /MANIFESTUAC:"level='asInvoker' uiAccess='false'" /manifest:embed /DEBUG /PDB:"C:\Users\Vlad\LP\LPconclusion\Release\LPconclusion.pdb" /SUBSYSTEM:CONSOLE /OPT:REF /OPT:ICF /LTCG:incremental /TLBID:1 /DYNAMICBASE /NXCOMPAT /IMPLIB:"C:\Users\Vlad\LP\LPconclusion\Release\LPconclusion.lib" /MACHINE:X86 /SAFESEH Release\LPconclusion.obj
         Создание кода
         Previous IPDB not found, fall back to full compilation.
         All 10 functions were compiled because no usable IPDB/IOBJ from previous compilation was found.
         Создание кода завершено
         LPconclusion.vcxproj -> C:\Users\Vlad\LP\LPconclusion\Release\LPconclusion.exe
       FinalizeBuildStatus:
         Файл "Release\LPconclusion.tlog\unsuccessfulbuild" удаляется.
         Обращение к "Release\LPconclusion.tlog\LPconclusion.lastbuildstate".
     1>Сборка проекта "C:\Users\Vlad\LP\LPconclusion\LPconclusion.vcxproj" завершена (целевые объекты Build).

Сборка успешно завершена.
    Предупреждений: 0
    Ошибок: 0

Прошло времени 00:00:02.76
