Сборка начата 20.02.2020 22:26:33.
Уровень детализации журнала: Normal.     1>Проект "C:\Users\Vlad\LP\LP_Lab02\LP_Lab02.vcxproj" в узле 2 (целевые объекты Build).
     1>InitializeBuildStatus:
         Обращение к "Debug\LP_Lab02.tlog\unsuccessfulbuild".
       ClCompile:
         C:\Program Files (x86)\Microsoft Visual Studio\2019\Community\VC\Tools\MSVC\14.24.28314\bin\HostX86\x86\CL.exe /c /ZI /JMC /nologo /W3 /WX- /diagnostics:column /sdl /Od /Oy- /D WIN32 /D _DEBUG /D _CONSOLE /D _UNICODE /D UNICODE /Gm- /EHsc /RTC1 /MDd /GS /fp:precise /permissive- /Zc:wchar_t /Zc:forScope /Zc:inline /Fo"Debug\\" /Fd"Debug\vc142.pdb" /Gd /TP /analyze- /FC /errorReport:prompt LP_Lab02.cpp
         LP_Lab02.cpp
       Link:
         C:\Program Files (x86)\Microsoft Visual Studio\2019\Community\VC\Tools\MSVC\14.24.28314\bin\HostX86\x86\link.exe /ERRORREPORT:PROMPT /OUT:"C:\Users\Vlad\LP\LP_Lab02\Debug\LP_Lab02.exe" /INCREMENTAL /NOLOGO kernel32.lib user32.lib gdi32.lib winspool.lib comdlg32.lib advapi32.lib shell32.lib ole32.lib oleaut32.lib uuid.lib odbc32.lib odbccp32.lib /MANIFEST /MANIFESTUAC:"level='asInvoker' uiAccess='false'" /manifest:embed /DEBUG:FASTLINK /PDB:"C:\Users\Vlad\LP\LP_Lab02\Debug\LP_Lab02.pdb" /SUBSYSTEM:CONSOLE /TLBID:1 /DYNAMICBASE /NXCOMPAT /IMPLIB:"C:\Users\Vlad\LP\LP_Lab02\Debug\LP_Lab02.lib" /MACHINE:X86 Debug\Func_mul.obj
         Debug\Func_sub.obj
         Debug\Func_sum.obj
         Debug\LP_Lab02.obj
         LP_Lab02.vcxproj -> C:\Users\Vlad\LP\LP_Lab02\Debug\LP_Lab02.exe
       FinalizeBuildStatus:
         Файл "Debug\LP_Lab02.tlog\unsuccessfulbuild" удаляется.
         Обращение к "Debug\LP_Lab02.tlog\LP_Lab02.lastbuildstate".
     1>Сборка проекта "C:\Users\Vlad\LP\LP_Lab02\LP_Lab02.vcxproj" завершена (целевые объекты Build).

Сборка успешно завершена.
    Предупреждений: 0
    Ошибок: 0

Прошло времени 00:00:01.61
